<?xml version="1.0" encoding="UTF-8"?>
<!-- Generated by org.testng.reporters.JUnitXMLReporter -->
<testsuite ignored="0" hostname="DESKTOP-Q4SOP3C" failures="0" tests="4" name="Default test" time="45.616" errors="0" timestamp="2026-06-09T08:17:54 IST">
  <testcase classname="tests.DasboardElementTest" name="checkInvalidUser" time="2.398"/>
  <testcase classname="tests.DasboardElementTest" name="checkInvalidPass" time="1.817"/>
  <testcase classname="tests.DasboardElementTest" name="verifyTitle" time="1.946"/>
  <testcase classname="tests.DasboardElementTest" name="dasboardTest" time="4.123"/>
</testsuite> <!-- Default test -->
