<?xml version="1.0" encoding="UTF-8"?>
<testng-results ignored="0" total="4" passed="4" failed="0" skipped="0">
  <reporter-output>
  </reporter-output>
  <suite started-at="2026-06-09T08:17:09 IST" name="Default suite" finished-at="2026-06-09T08:17:54 IST" duration-ms="45616">
    <groups>
    </groups>
    <test started-at="2026-06-09T08:17:09 IST" name="Default test" finished-at="2026-06-09T08:17:54 IST" duration-ms="45616">
      <class name="tests.DasboardElementTest">
        <test-method is-config="true" signature="setup()[pri:0, instance:tests.DasboardElementTest@24269709]" started-at="2026-06-09T08:17:09 IST" name="setup" finished-at="2026-06-09T08:17:20 IST" duration-ms="11012" status="PASS">
          <reporter-output>
          </reporter-output>
        </test-method> <!-- setup -->
        <test-method signature="checkInvalidUser()[pri:1, instance:tests.DasboardElementTest@24269709]" started-at="2026-06-09T08:17:20 IST" name="checkInvalidUser" finished-at="2026-06-09T08:17:22 IST" duration-ms="2398" status="PASS">
          <reporter-output>
          </reporter-output>
        </test-method> <!-- checkInvalidUser -->
        <test-method is-config="true" signature="tearDown()[pri:0, instance:tests.DasboardElementTest@24269709]" started-at="2026-06-09T08:17:22 IST" name="tearDown" finished-at="2026-06-09T08:17:23 IST" duration-ms="230" status="PASS">
          <reporter-output>
          </reporter-output>
        </test-method> <!-- tearDown -->
        <test-method is-config="true" signature="setup()[pri:0, instance:tests.DasboardElementTest@24269709]" started-at="2026-06-09T08:17:23 IST" name="setup" finished-at="2026-06-09T08:17:29 IST" duration-ms="6006" status="PASS">
          <reporter-output>
          </reporter-output>
        </test-method> <!-- setup -->
        <test-method signature="checkInvalidPass()[pri:2, instance:tests.DasboardElementTest@24269709]" started-at="2026-06-09T08:17:29 IST" name="checkInvalidPass" finished-at="2026-06-09T08:17:30 IST" duration-ms="1817" status="PASS">
          <reporter-output>
          </reporter-output>
        </test-method> <!-- checkInvalidPass -->
        <test-method is-config="true" signature="tearDown()[pri:0, instance:tests.DasboardElementTest@24269709]" started-at="2026-06-09T08:17:30 IST" name="tearDown" finished-at="2026-06-09T08:17:31 IST" duration-ms="207" status="PASS">
          <reporter-output>
          </reporter-output>
        </test-method> <!-- tearDown -->
        <test-method is-config="true" signature="setup()[pri:0, instance:tests.DasboardElementTest@24269709]" started-at="2026-06-09T08:17:31 IST" name="setup" finished-at="2026-06-09T08:17:40 IST" duration-ms="9272" status="PASS">
          <reporter-output>
          </reporter-output>
        </test-method> <!-- setup -->
        <test-method signature="verifyTitle()[pri:3, instance:tests.DasboardElementTest@24269709]" started-at="2026-06-09T08:17:40 IST" name="verifyTitle" finished-at="2026-06-09T08:17:42 IST" duration-ms="1946" status="PASS">
          <reporter-output>
          </reporter-output>
        </test-method> <!-- verifyTitle -->
        <test-method is-config="true" signature="tearDown()[pri:0, instance:tests.DasboardElementTest@24269709]" started-at="2026-06-09T08:17:42 IST" name="tearDown" finished-at="2026-06-09T08:17:42 IST" duration-ms="191" status="PASS">
          <reporter-output>
          </reporter-output>
        </test-method> <!-- tearDown -->
        <test-method is-config="true" signature="setup()[pri:0, instance:tests.DasboardElementTest@24269709]" started-at="2026-06-09T08:17:42 IST" name="setup" finished-at="2026-06-09T08:17:50 IST" duration-ms="8111" status="PASS">
          <reporter-output>
          </reporter-output>
        </test-method> <!-- setup -->
        <test-method signature="dasboardTest()[pri:4, instance:tests.DasboardElementTest@24269709]" started-at="2026-06-09T08:17:50 IST" name="dasboardTest" finished-at="2026-06-09T08:17:54 IST" duration-ms="4123" status="PASS">
          <reporter-output>
          </reporter-output>
        </test-method> <!-- dasboardTest -->
        <test-method is-config="true" signature="tearDown()[pri:0, instance:tests.DasboardElementTest@24269709]" started-at="2026-06-09T08:17:54 IST" name="tearDown" finished-at="2026-06-09T08:17:54 IST" duration-ms="190" status="PASS">
          <reporter-output>
          </reporter-output>
        </test-method> <!-- tearDown -->
      </class> <!-- tests.DasboardElementTest -->
    </test> <!-- Default test -->
  </suite> <!-- Default suite -->
</testng-results>
