<?xml version="1.0" encoding="UTF-8"?>
<!-- Generated by org.testng.reporters.JUnitReportReporter -->
<testsuite hostname="DESKTOP-Q4SOP3C" failures="0" tests="4" name="tests.DasboardElementTest" time="45.503" errors="0" timestamp="2026-06-09T08:17:55 IST" skipped="0">
  <testcase classname="tests.DasboardElementTest" name="checkInvalidUser" time="11.877"/>
  <testcase classname="tests.DasboardElementTest" name="checkInvalidPass" time="10.119"/>
  <testcase classname="tests.DasboardElementTest" name="verifyTitle" time="8.142"/>
  <testcase classname="tests.DasboardElementTest" name="dasboardTest" time="15.365"/>
</testsuite> <!-- tests.DasboardElementTest -->
